<?xml version="1.0" encoding="UTF-8"?>
<!-- Generated by org.testng.reporters.JUnitReportReporter -->
<testsuite hostname="LAPTOP-6OLDC59M" failures="0" tests="2" name="FBtrial.FBtest" time="5.315" errors="0" timestamp="2022-08-08T16:49:36 PST" skipped="0">
  <testcase classname="FBtrial.FBtest" name="openFB" time="3.164"/>
  <system-out/>
  <testcase classname="FBtrial.FBtest" name="login" time="2.151"/>
  <system-out/>
</testsuite> <!-- FBtrial.FBtest -->
